Using pre-set license
Built from '2021.1/staging' branch; Version is '2021.1.9f1 (7a790e367ab3) revision 8026382'; Using compiler version '192528614'; Build Type 'Release'
OS: 'Windows 10 Home Single Language; OS build 19044.2251; Version 2009; 64bit' Language: 'tr' Physical Memory: 16217 MB
BatchMode: 1, IsHumanControllingUs: 0, StartBugReporterOnCrash: 0, Is64bit: 1, IsPro: 0

 COMMAND LINE ARGUMENTS:
D:\Program Files\Unity\Hub\Editor\2021.1.9f1\Editor\Unity.exe
-adb2
-batchMode
-noUpm
-name
AssetImportWorker0
-projectPath
D:/Workspace/VRKitchen/VR-Kitchen-Quest
-logFile
Logs/AssetImportWorker0.log
-srvPort
64421
Successfully changed project path to: D:/Workspace/VRKitchen/VR-Kitchen-Quest
D:/Workspace/VRKitchen/VR-Kitchen-Quest
Using Asset Import Pipeline V2.
Refreshing native plugins compatible for Editor in 101.73 ms, found 11 plugins.
Preloading 1 native plugins for Editor in 0.35 ms.
Initialize engine version: 2021.1.9f1 (7a790e367ab3)
[Subsystems] Discovering subsystems at path D:/Program Files/Unity/Hub/Editor/2021.1.9f1/Editor/Data/Resources/UnitySubsystems
[Subsystems] Discovering subsystems at path D:/Workspace/VRKitchen/VR-Kitchen-Quest/Assets
GfxDevice: creating device client; threaded=0; jobified=0
Direct3D:
    Version:  Direct3D 11.0 [level 11.1]
    Renderer: NVIDIA GeForce RTX 2070 (ID=0x1f14)
    Vendor:   NVIDIA
    VRAM:     8031 MB
    Driver:   30.0.15.1289
Shader 'Oculus/OVRMRCameraFrameLit': fallback shader 'Alpha-Diffuse' not found
Initialize mono
Mono path[0] = 'D:/Program Files/Unity/Hub/Editor/2021.1.9f1/Editor/Data/Managed'
Mono path[1] = 'D:/Program Files/Unity/Hub/Editor/2021.1.9f1/Editor/Data/MonoBleedingEdge/lib/mono/unityjit'
Mono config path = 'D:/Program Files/Unity/Hub/Editor/2021.1.9f1/Editor/Data/MonoBleedingEdge/etc'
Using monoOptions --debugger-agent=transport=dt_socket,embedding=1,server=y,suspend=n,address=127.0.0.1:56392
Begin MonoManager ReloadAssembly
Registering precompiled unity dll's ...
Register platform support module: D:/Program Files/Unity/Hub/Editor/2021.1.9f1/Editor/Data/PlaybackEngines/WindowsStandaloneSupport/UnityEditor.WindowsStandalone.Extensions.dll
Registered in 0.000952 seconds.
Native extension for WindowsStandalone target not found
Refreshing native plugins compatible for Editor in 98.15 ms, found 11 plugins.
Preloading 1 native plugins for Editor in 0.03 ms.
Mono: successfully reloaded assembly
- Completed reload, in  1.415 seconds
Domain Reload Profiling:
	ReloadAssembly (1415ms)
		BeginReloadAssembly (57ms)
			ExecutionOrderSort (0ms)
			DisableScriptedObjects (0ms)
			BackupInstance (0ms)
			ReleaseScriptingObjects (0ms)
			CreateAndSetChildDomain (1ms)
		EndReloadAssembly (479ms)
			LoadAssemblies (56ms)
			RebuildTransferFunctionScriptingTraits (0ms)
			SetupTypeCache (164ms)
			ReleaseScriptCaches (0ms)
			RebuildScriptCaches (32ms)
			SetupLoadedEditorAssemblies (235ms)
				LogAssemblyErrors (0ms)
				InitializePlatformSupportModulesInManaged (6ms)
				SetLoadedEditorAssemblies (1ms)
				RefreshPlugins (98ms)
				BeforeProcessingInitializeOnLoad (2ms)
				ProcessInitializeOnLoadAttributes (99ms)
				ProcessInitializeOnLoadMethodAttributes (29ms)
				AfterProcessingInitializeOnLoad (0ms)
				EditorAssembliesLoaded (0ms)
			ExecutionOrderSort2 (0ms)
			AwakeInstancesAfterBackupRestoration (0ms)
Platform modules already initialized, skipping
Registering precompiled user dll's ...
Registered in 0.008053 seconds.
Begin MonoManager ReloadAssembly
Native extension for WindowsStandalone target not found
Refreshing native plugins compatible for Editor in 94.55 ms, found 11 plugins.
Preloading 1 native plugins for Editor in 0.03 ms.
[XR] OculusXRPlugin: registering subsystems
[XR] Unable to retrieve XR Display Interface.
[XR] Oculus Input lifecycle provider registered.
[XR] Unable to register input lifecyle provider: [1]
[XR] OVRP version 1.78.0
Mono: successfully reloaded assembly
- Completed reload, in  1.145 seconds
Domain Reload Profiling:
	ReloadAssembly (1146ms)
		BeginReloadAssembly (147ms)
			ExecutionOrderSort (0ms)
			DisableScriptedObjects (5ms)
			BackupInstance (0ms)
			ReleaseScriptingObjects (0ms)
			CreateAndSetChildDomain (19ms)
		EndReloadAssembly (944ms)
			LoadAssemblies (95ms)
			RebuildTransferFunctionScriptingTraits (0ms)
			SetupTypeCache (279ms)
			ReleaseScriptCaches (1ms)
			RebuildScriptCaches (74ms)
			SetupLoadedEditorAssemblies (397ms)
				LogAssemblyErrors (0ms)
				InitializePlatformSupportModulesInManaged (4ms)
				SetLoadedEditorAssemblies (0ms)
				RefreshPlugins (95ms)
				BeforeProcessingInitializeOnLoad (78ms)
				ProcessInitializeOnLoadAttributes (201ms)
				ProcessInitializeOnLoadMethodAttributes (16ms)
				AfterProcessingInitializeOnLoad (4ms)
				EditorAssembliesLoaded (0ms)
			ExecutionOrderSort2 (0ms)
			AwakeInstancesAfterBackupRestoration (8ms)
Platform modules already initialized, skipping
========================================================================
Worker process is ready to serve import requests
Shader 'Oculus/OVRMRCameraFrameLit': fallback shader 'Alpha-Diffuse' not found
Launched and connected shader compiler UnityShaderCompiler.exe after 0.03 seconds
Refreshing native plugins compatible for Editor in 1.36 ms, found 11 plugins.
Preloading 1 native plugins for Editor in 0.05 ms.
Unloading 3988 Unused Serialized files (Serialized files now loaded: 0)
System memory in use before: 168.1 MB.
System memory in use after: 168.3 MB.

Unloading 79 unused Assets to reduce memory usage. Loaded Objects now: 4442.
Total: 3.506800 ms (FindLiveObjects: 0.520700 ms CreateObjectMapping: 0.294100 ms MarkObjects: 2.533900 ms  DeleteObjects: 0.157000 ms)

AssetImportParameters requested are different than current active one (requested -> active):
  custom:framework-win-MediaFoundation: 216162199b28c13a410421893ffa2e32 -> 
  custom:video-decoder-ogg-theora: a1e56fd34408186e4bbccfd4996cb3dc -> 
  custom:container-muxer-webm: aa71ff27fc2769a1b78a27578f13a17b -> 
  custom:container-demuxer-webm: 4f35f7cbe854078d1ac9338744f61a02 -> 
  custom:container-demuxer-ogg: 62fdf1f143b41e24485cea50d1cbac27 -> 
  custom:video-encoder-webm-vp8: eb34c28f22e8b96e1ab97ce403110664 -> 
  custom:video-codec-MediaFoundation-h265: 746d11721c4dcdbdad8f713fa42b33f4 -> 
  custom:video-decoder-webm-vp8: 9c59270c3fd7afecdb556c50c9e8de78 -> 
  custom:audio-decoder-ogg-vorbis: bf7c407c2cedff20999df2af8eb42d56 -> 
  custom:audio-encoder-webm-vorbis: bf7c407c2cedff20999df2af8eb42d56 -> 
========================================================================
Received Import Request.
  path: Assets/BNG Framework/LICENSE.txt
  artifactKey: Guid(dd989f216cce9e24aa6c2415b19255f3) Importer(815301076,1909f56bfc062723c751e8b465ee728b)
Start importing Assets/BNG Framework/LICENSE.txt using Guid(dd989f216cce9e24aa6c2415b19255f3) Importer(815301076,1909f56bfc062723c751e8b465ee728b)  -> (artifact id: '5f4d9561b45c136f5f6fb9180cebfc8e') in 0.027375 seconds 
========================================================================
Received Import Request.
  Time since last request: 1.221980 seconds.
  path: Assets/BNG Framework/Third-Party Notices.txt
  artifactKey: Guid(9ee60cd64d91ea14db623730244d02c1) Importer(815301076,1909f56bfc062723c751e8b465ee728b)
Start importing Assets/BNG Framework/Third-Party Notices.txt using Guid(9ee60cd64d91ea14db623730244d02c1) Importer(815301076,1909f56bfc062723c751e8b465ee728b)  -> (artifact id: '59653191e9eeeac47805a8b280db01cf') in 0.001718 seconds 
========================================================================
Received Import Request.
  Time since last request: 368.630920 seconds.
  path: Assets/SteamVR/musluk.fbx
  artifactKey: Guid(5729d93ec6d47dd4bad41f14bca8dec0) Importer(815301076,1909f56bfc062723c751e8b465ee728b)
Start importing Assets/SteamVR/musluk.fbx using Guid(5729d93ec6d47dd4bad41f14bca8dec0) Importer(815301076,1909f56bfc062723c751e8b465ee728b)  -> (artifact id: '98017e91f4da7f00c85558fc73226448') in 0.128543 seconds 
========================================================================
Received Import Request.
  Time since last request: 0.000220 seconds.
  path: Assets/SteamVR/red_arrow_PNG1.png
  artifactKey: Guid(30efb343a5b0e96409ad91129d6541a4) Importer(815301076,1909f56bfc062723c751e8b465ee728b)
Start importing Assets/SteamVR/red_arrow_PNG1.png using Guid(30efb343a5b0e96409ad91129d6541a4) Importer(815301076,1909f56bfc062723c751e8b465ee728b)  -> (artifact id: '88efee9c8a517afd8274036aa50b890c') in 0.064952 seconds 
========================================================================
Received Prepare
Registering precompiled user dll's ...
Registered in 0.007099 seconds.
Begin MonoManager ReloadAssembly
Native extension for WindowsStandalone target not found
Refreshing native plugins compatible for Editor in 1.21 ms, found 11 plugins.
Preloading 1 native plugins for Editor in 0.04 ms.
Mono: successfully reloaded assembly
- Completed reload, in  1.020 seconds
Domain Reload Profiling:
	ReloadAssembly (1021ms)
		BeginReloadAssembly (124ms)
			ExecutionOrderSort (0ms)
			DisableScriptedObjects (4ms)
			BackupInstance (0ms)
			ReleaseScriptingObjects (0ms)
			CreateAndSetChildDomain (30ms)
		EndReloadAssembly (844ms)
			LoadAssemblies (95ms)
			RebuildTransferFunctionScriptingTraits (0ms)
			SetupTypeCache (285ms)
			ReleaseScriptCaches (2ms)
			RebuildScriptCaches (88ms)
			SetupLoadedEditorAssemblies (273ms)
				LogAssemblyErrors (0ms)
				InitializePlatformSupportModulesInManaged (4ms)
				SetLoadedEditorAssemblies (0ms)
				RefreshPlugins (1ms)
				BeforeProcessingInitializeOnLoad (74ms)
				ProcessInitializeOnLoadAttributes (178ms)
				ProcessInitializeOnLoadMethodAttributes (14ms)
				AfterProcessingInitializeOnLoad (2ms)
				EditorAssembliesLoaded (0ms)
			ExecutionOrderSort2 (0ms)
			AwakeInstancesAfterBackupRestoration (11ms)
Platform modules already initialized, skipping
Switching build target platform(19) subTarget(0) extendedPlatform(0) -> platform(13) subTarget(524288) extendedPlatform(0)
Shader 'Oculus/OVRMRCameraFrameLit': fallback shader 'Alpha-Diffuse' not found
Refreshing native plugins compatible for Editor in 1.17 ms, found 11 plugins.
Preloading 1 native plugins for Editor in 0.04 ms.
Unloading 3889 Unused Serialized files (Serialized files now loaded: 0)
System memory in use before: 172.4 MB.
System memory in use after: 172.6 MB.

Unloading 73 unused Assets to reduce memory usage. Loaded Objects now: 4485.
Total: 3.212200 ms (FindLiveObjects: 0.324200 ms CreateObjectMapping: 0.199700 ms MarkObjects: 2.565900 ms  DeleteObjects: 0.121400 ms)

AssetImportParameters requested are different than current active one (requested -> active):
  custom:framework-win-MediaFoundation: 216162199b28c13a410421893ffa2e32 -> 
  custom:video-decoder-ogg-theora: a1e56fd34408186e4bbccfd4996cb3dc -> 
  custom:container-muxer-webm: aa71ff27fc2769a1b78a27578f13a17b -> 
  custom:container-demuxer-webm: 4f35f7cbe854078d1ac9338744f61a02 -> 
  custom:container-demuxer-ogg: 62fdf1f143b41e24485cea50d1cbac27 -> 
  custom:video-encoder-webm-vp8: eb34c28f22e8b96e1ab97ce403110664 -> 
  custom:video-codec-MediaFoundation-h265: 746d11721c4dcdbdad8f713fa42b33f4 -> 
  custom:video-decoder-webm-vp8: 9c59270c3fd7afecdb556c50c9e8de78 -> 
  custom:graphics/normal-map-encoding: 01000000000000000000000000000000 -> 02000000000000000000000000000000
  custom:audio-decoder-ogg-vorbis: bf7c407c2cedff20999df2af8eb42d56 -> 
  custom:audio-encoder-webm-vorbis: bf7c407c2cedff20999df2af8eb42d56 -> 
========================================================================
Received Import Request.
  Time since last request: 197.463410 seconds.
  path: Assets/SteamVR_Input/SteamVR_Input_Actions.cs
  artifactKey: Guid(d8b30ed7516f1a848acf3a36a0ec270c) Importer(815301076,1909f56bfc062723c751e8b465ee728b)
Start importing Assets/SteamVR_Input/SteamVR_Input_Actions.cs using Guid(d8b30ed7516f1a848acf3a36a0ec270c) Importer(815301076,1909f56bfc062723c751e8b465ee728b)  -> (artifact id: '3440f978afa89df2312bd9f3469979f6') in 0.010496 seconds 
========================================================================
Received Import Request.
  Time since last request: 0.880641 seconds.
  path: Assets/SteamVR_Input/SteamVR_Input_ActionSets.cs
  artifactKey: Guid(df1bf1f91f261764e9781f00c7d5439d) Importer(815301076,1909f56bfc062723c751e8b465ee728b)
Start importing Assets/SteamVR_Input/SteamVR_Input_ActionSets.cs using Guid(df1bf1f91f261764e9781f00c7d5439d) Importer(815301076,1909f56bfc062723c751e8b465ee728b)  -> (artifact id: '2fdd5ae2f7f04fede3d60f4fc8386512') in 0.001261 seconds 
========================================================================
Received Import Request.
  Time since last request: 0.389227 seconds.
  path: Assets/SteamVR_Input/SteamVR_Input_Initialization.cs
  artifactKey: Guid(95acefa97a0bc8841b73bd6d454e1be9) Importer(815301076,1909f56bfc062723c751e8b465ee728b)
Start importing Assets/SteamVR_Input/SteamVR_Input_Initialization.cs using Guid(95acefa97a0bc8841b73bd6d454e1be9) Importer(815301076,1909f56bfc062723c751e8b465ee728b)  -> (artifact id: 'e18bfd259a3f970152fcb0719f21bd79') in 0.001145 seconds 
========================================================================
Received Import Request.
  Time since last request: 1.176154 seconds.
  path: Assets/SteamVR_Input/ActionSetClasses
  artifactKey: Guid(70ac858226c86b642914459beacd707b) Importer(815301076,1909f56bfc062723c751e8b465ee728b)
Start importing Assets/SteamVR_Input/ActionSetClasses using Guid(70ac858226c86b642914459beacd707b) Importer(815301076,1909f56bfc062723c751e8b465ee728b)  -> (artifact id: '7825c14518092e4e4ed1a4693a8a570c') in 0.001526 seconds 
========================================================================
Received Import Request.
  Time since last request: 1.259948 seconds.
  path: Assets/Sounds/aktif.mp3
  artifactKey: Guid(2884a84b6fe4b5e49b3a761befa6e9f8) Importer(815301076,1909f56bfc062723c751e8b465ee728b)
Start importing Assets/Sounds/aktif.mp3 using Guid(2884a84b6fe4b5e49b3a761befa6e9f8) Importer(815301076,1909f56bfc062723c751e8b465ee728b)  -> (artifact id: '76bf63a3a5b58f51f196f9e8425a87dd') in 0.048471 seconds 
========================================================================
Received Import Request.
  Time since last request: 0.000151 seconds.
  path: Assets/Sounds/City Park Sounds Effects From Jericho Beach in Vancouver, BC wRabbits, Pedestrians, Cyclists.mp3
  artifactKey: Guid(fcc86e3aa0e07dc41a92d7a1dfe4b901) Importer(815301076,1909f56bfc062723c751e8b465ee728b)
Start importing Assets/Sounds/City Park Sounds Effects From Jericho Beach in Vancouver, BC wRabbits, Pedestrians, Cyclists.mp3 using Guid(fcc86e3aa0e07dc41a92d7a1dfe4b901) Importer(815301076,1909f56bfc062723c751e8b465ee728b)  -> (artifact id: '3f9b7b7188323187a07ec2e991d9c124') in 0.006024 seconds 
========================================================================
Received Import Request.
  Time since last request: 0.000278 seconds.
  path: Assets/Sounds/aspirator-ses.mp3
  artifactKey: Guid(d6a15e74b5fe8aa4cb71f44277cc2031) Importer(815301076,1909f56bfc062723c751e8b465ee728b)
Start importing Assets/Sounds/aspirator-ses.mp3 using Guid(d6a15e74b5fe8aa4cb71f44277cc2031) Importer(815301076,1909f56bfc062723c751e8b465ee728b)  -> (artifact id: '481719c1b1ec07526ab30927bd1b397d') in 0.006959 seconds 
========================================================================
Received Import Request.
  Time since last request: 0.000226 seconds.
  path: Assets/Sounds/Fridge sounds, refrigerator's noise in kitchen, white noise.mp3
  artifactKey: Guid(7396706dfc8a6934cae61b2db55447a9) Importer(815301076,1909f56bfc062723c751e8b465ee728b)
Start importing Assets/Sounds/Fridge sounds, refrigerator's noise in kitchen, white noise.mp3 using Guid(7396706dfc8a6934cae61b2db55447a9) Importer(815301076,1909f56bfc062723c751e8b465ee728b)  -> (artifact id: '9be667b52034b791495b73a4db019453') in 0.006718 seconds 
========================================================================
Received Import Request.
  Time since last request: 0.000284 seconds.
  path: Assets/Sounds/kaldır.mp3
  artifactKey: Guid(6f9f1b4f1f5109a48a288c8e9a1fd850) Importer(815301076,1909f56bfc062723c751e8b465ee728b)
Start importing Assets/Sounds/kaldır.mp3 using Guid(6f9f1b4f1f5109a48a288c8e9a1fd850) Importer(815301076,1909f56bfc062723c751e8b465ee728b)  -> (artifact id: 'af3fbeaf56314178e1435225e479c771') in 0.009784 seconds 
========================================================================
Received Import Request.
  Time since last request: 0.000219 seconds.
  path: Assets/Sounds/aktiflestir.mp3
  artifactKey: Guid(4f5d6fcb855d5534199dbcaa859d1657) Importer(815301076,1909f56bfc062723c751e8b465ee728b)
Start importing Assets/Sounds/aktiflestir.mp3 using Guid(4f5d6fcb855d5534199dbcaa859d1657) Importer(815301076,1909f56bfc062723c751e8b465ee728b)  -> (artifact id: 'aead68539dee7d53d3e03a748ab6636c') in 0.008455 seconds 
========================================================================
Received Import Request.
  Time since last request: 8.639816 seconds.
  path: Assets/SteamVR/Models/vr_alien_hand.fbx
  artifactKey: Guid(35bf13fffe3e1b54b9be7cf6d9808f97) Importer(815301076,1909f56bfc062723c751e8b465ee728b)
Start importing Assets/SteamVR/Models/vr_alien_hand.fbx using Guid(35bf13fffe3e1b54b9be7cf6d9808f97) Importer(815301076,1909f56bfc062723c751e8b465ee728b)  -> (artifact id: '52e2c659c16948296621d85ce54e8b1d') in 0.357544 seconds 
========================================================================
Received Import Request.
  Time since last request: 0.000307 seconds.
  path: Assets/SteamVR/Models/vr_glove_model.fbx
  artifactKey: Guid(02d2c3f5b5ca1014c8fb700e729167ae) Importer(815301076,1909f56bfc062723c751e8b465ee728b)
Start importing Assets/SteamVR/Models/vr_glove_model.fbx using Guid(02d2c3f5b5ca1014c8fb700e729167ae) Importer(815301076,1909f56bfc062723c751e8b465ee728b)  -> (artifact id: 'cf5c2fe56870f02a14deb7fdffbf9486') in 0.156022 seconds 
========================================================================
Received Import Request.
  Time since last request: 0.000335 seconds.
  path: Assets/SteamVR/Models/vr_glove_right_model_slim.fbx
  artifactKey: Guid(641e9d2f5c6b4cb438161abef3be8300) Importer(815301076,1909f56bfc062723c751e8b465ee728b)
Start importing Assets/SteamVR/Models/vr_glove_right_model_slim.fbx using Guid(641e9d2f5c6b4cb438161abef3be8300) Importer(815301076,1909f56bfc062723c751e8b465ee728b)  -> (artifact id: '92dce8b2f2feaf3337d3c46a145716a4') in 0.042439 seconds 
========================================================================
Received Import Request.
  Time since last request: 0.000260 seconds.
  path: Assets/SteamVR/Models/vr_floppyHand.fbx
  artifactKey: Guid(395115150fc0faf40abd1994e7405303) Importer(815301076,1909f56bfc062723c751e8b465ee728b)
Start importing Assets/SteamVR/Models/vr_floppyHand.fbx using Guid(395115150fc0faf40abd1994e7405303) Importer(815301076,1909f56bfc062723c751e8b465ee728b)  -> (artifact id: '722db5f7956689c9899a69fc60eb63b0') in 0.090380 seconds 
========================================================================
Received Import Request.
  Time since last request: 0.000260 seconds.
  path: Assets/SteamVR/Models/vr_hand_grabposes.fbx
  artifactKey: Guid(5b1b3324d9af1db498a8cb294cc8d274) Importer(815301076,1909f56bfc062723c751e8b465ee728b)
Start importing Assets/SteamVR/Models/vr_hand_grabposes.fbx using Guid(5b1b3324d9af1db498a8cb294cc8d274) Importer(815301076,1909f56bfc062723c751e8b465ee728b)  -> (artifact id: '54e86cacb9a1a6ee71beb7cac18dac20') in 0.033893 seconds 
========================================================================
Received Import Request.
  Time since last request: 4.799461 seconds.
  path: Assets/SteamVR/Prefabs/controller.prefab
  artifactKey: Guid(e789c2cc0c98a4c4198a4033fb8ccf96) Importer(815301076,1909f56bfc062723c751e8b465ee728b)
Start importing Assets/SteamVR/Prefabs/controller.prefab using Guid(e789c2cc0c98a4c4198a4033fb8ccf96) Importer(815301076,1909f56bfc062723c751e8b465ee728b)  -> (artifact id: '1b6019505873674cf5e61e14bc4c3a9b') in 0.009657 seconds 
========================================================================
Received Import Request.
  Time since last request: 0.000124 seconds.
  path: Assets/SteamVR/Prefabs/vr_glove_right_model_slim.prefab
  artifactKey: Guid(6def53d002137b747aec0b29551e0e25) Importer(815301076,1909f56bfc062723c751e8b465ee728b)
Start importing Assets/SteamVR/Prefabs/vr_glove_right_model_slim.prefab using Guid(6def53d002137b747aec0b29551e0e25) Importer(815301076,1909f56bfc062723c751e8b465ee728b) Could not find match for direction: in
UnityEngine.StackTraceUtility:ExtractStackTrace ()
UnityEngine.DebugLogHandler:LogFormat (UnityEngine.LogType,UnityEngine.Object,string,object[])
UnityEngine.Logger:Log (UnityEngine.LogType,object)
UnityEngine.Debug:LogError (object)
Valve.VR.SteamVR_Action_Source_Map:GetActionDirection () (at Assets/SteamVR/Input/SteamVR_Action.cs:690)
Valve.VR.SteamVR_Action_Source_Map:PreInitialize (Valve.VR.SteamVR_Action,string,bool) (at Assets/SteamVR/Input/SteamVR_Action.cs:636)
Valve.VR.SteamVR_Action`2<Valve.VR.SteamVR_Action_Boolean_Source_Map, Valve.VR.SteamVR_Action_Boolean_Source>:PreInitialize (string) (at Assets/SteamVR/Input/SteamVR_Action.cs:100)
Valve.VR.SteamVR_Action:Create<Valve.VR.SteamVR_Action_Boolean> (string) (at Assets/SteamVR/Input/SteamVR_Action.cs:294)
Valve.VR.SteamVR_Actions:PreInitActions () (at Assets/SteamVR_Input/SteamVR_Input_Actions.cs:298)
Valve.VR.SteamVR_Actions:PreInitialize () (at Assets/SteamVR_Input/SteamVR_Input_Initialization.cs:24)
System.Reflection.MonoMethod:Invoke (object,System.Reflection.BindingFlags,System.Reflection.Binder,object[],System.Globalization.CultureInfo)
System.Reflection.MethodBase:Invoke (object,object[])
Valve.VR.SteamVR_Input:FindPreinitializeMethod () (at Assets/SteamVR/Input/SteamVR_Input.cs:134)
Valve.VR.SteamVR_Input:.cctor () (at Assets/SteamVR/Input/SteamVR_Input.cs:114)
Valve.VR.SteamVR_Action`2<Valve.VR.SteamVR_Action_Skeleton_Source_Map, Valve.VR.SteamVR_Action_Skeleton_Source>:Initialize (bool,bool) (at Assets/SteamVR/Input/SteamVR_Action.cs:172)
Valve.VR.SteamVR_Action`2<Valve.VR.SteamVR_Action_Skeleton_Source_Map, Valve.VR.SteamVR_Action_Skeleton_Source>:InitAfterDeserialize () (at Assets/SteamVR/Input/SteamVR_Action.cs:228)
Valve.VR.SteamVR_Action_Skeleton:UnityEngine.ISerializationCallbackReceiver.OnAfterDeserialize () (at Assets/SteamVR/Input/SteamVR_Action_Skeleton.cs:694)

(Filename: Assets/SteamVR/Input/SteamVR_Action.cs Line: 690)

Could not find match for direction: in
UnityEngine.StackTraceUtility:ExtractStackTrace ()
UnityEngine.DebugLogHandler:LogFormat (UnityEngine.LogType,UnityEngine.Object,string,object[])
UnityEngine.Logger:Log (UnityEngine.LogType,object)
UnityEngine.Debug:LogError (object)
Valve.VR.SteamVR_Action_Source_Map:GetActionDirection () (at Assets/SteamVR/Input/SteamVR_Action.cs:690)
Valve.VR.SteamVR_Action_Source_Map:PreInitialize (Valve.VR.SteamVR_Action,string,bool) (at Assets/SteamVR/Input/SteamVR_Action.cs:636)
Valve.VR.SteamVR_Action`2<Valve.VR.SteamVR_Action_Boolean_Source_Map, Valve.VR.SteamVR_Action_Boolean_Source>:PreInitialize (string) (at Assets/SteamVR/Input/SteamVR_Action.cs:100)
Valve.VR.SteamVR_Action:Create<Valve.VR.SteamVR_Action_Boolean> (string) (at Assets/SteamVR/Input/SteamVR_Action.cs:294)
Valve.VR.SteamVR_Actions:PreInitActions () (at Assets/SteamVR_Input/SteamVR_Input_Actions.cs:299)
Valve.VR.SteamVR_Actions:PreInitialize () (at Assets/SteamVR_Input/SteamVR_Input_Initialization.cs:24)
System.Reflection.MonoMethod:Invoke (object,System.Reflection.BindingFlags,System.Reflection.Binder,object[],System.Globalization.CultureInfo)
System.Reflection.MethodBase:Invoke (object,object[])
Valve.VR.SteamVR_Input:FindPreinitializeMethod () (at Assets/SteamVR/Input/SteamVR_Input.cs:134)
Valve.VR.SteamVR_Input:.cctor () (at Assets/SteamVR/Input/SteamVR_Input.cs:114)
Valve.VR.SteamVR_Action`2<Valve.VR.SteamVR_Action_Skeleton_Source_Map, Valve.VR.SteamVR_Action_Skeleton_Source>:Initialize (bool,bool) (at Assets/SteamVR/Input/SteamVR_Action.cs:172)
Valve.VR.SteamVR_Action`2<Valve.VR.SteamVR_Action_Skeleton_Source_Map, Valve.VR.SteamVR_Action_Skeleton_Source>:InitAfterDeserialize () (at Assets/SteamVR/Input/SteamVR_Action.cs:228)
Valve.VR.SteamVR_Action_Skeleton:UnityEngine.ISerializationCallbackReceiver.OnAfterDeserialize () (at Assets/SteamVR/Input/SteamVR_Action_Skeleton.cs:694)

(Filename: Assets/SteamVR/Input/SteamVR_Action.cs Line: 690)

Could not find match for direction: in
UnityEngine.StackTraceUtility:ExtractStackTrace ()
UnityEngine.DebugLogHandler:LogFormat (UnityEngine.LogType,UnityEngine.Object,string,object[])
UnityEngine.Logger:Log (UnityEngine.LogType,object)
UnityEngine.Debug:LogError (object)
Valve.VR.SteamVR_Action_Source_Map:GetActionDirection () (at Assets/SteamVR/Input/SteamVR_Action.cs:690)
Valve.VR.SteamVR_Action_Source_Map:PreInitialize (Valve.VR.SteamVR_Action,string,bool) (at Assets/SteamVR/Input/SteamVR_Action.cs:636)
Valve.VR.SteamVR_Action`2<Valve.VR.SteamVR_Action_Boolean_Source_Map, Valve.VR.SteamVR_Action_Boolean_Source>:PreInitialize (string) (at Assets/SteamVR/Input/SteamVR_Action.cs:100)
Valve.VR.SteamVR_Action:Create<Valve.VR.SteamVR_Action_Boolean> (string) (at Assets/SteamVR/Input/SteamVR_Action.cs:294)
Valve.VR.SteamVR_Actions:PreInitActions () (at Assets/SteamVR_Input/SteamVR_Input_Actions.cs:300)
Valve.VR.SteamVR_Actions:PreInitialize () (at Assets/SteamVR_Input/SteamVR_Input_Initialization.cs:24)
System.Reflection.MonoMethod:Invoke (object,System.Reflection.BindingFlags,System.Reflection.Binder,object[],System.Globalization.CultureInfo)
System.Reflection.MethodBase:Invoke (object,object[])
Valve.VR.SteamVR_Input:FindPreinitializeMethod () (at Assets/SteamVR/Input/SteamVR_Input.cs:134)
Valve.VR.SteamVR_Input:.cctor () (at Assets/SteamVR/Input/SteamVR_Input.cs:114)
Valve.VR.SteamVR_Action`2<Valve.VR.SteamVR_Action_Skeleton_Source_Map, Valve.VR.SteamVR_Action_Skeleton_Source>:Initialize (bool,bool) (at Assets/SteamVR/Input/SteamVR_Action.cs:172)
Valve.VR.SteamVR_Action`2<Valve.VR.SteamVR_Action_Skeleton_Source_Map, Valve.VR.SteamVR_Action_Skeleton_Source>:InitAfterDeserialize () (at Assets/SteamVR/Input/SteamVR_Action.cs:228)
Valve.VR.SteamVR_Action_Skeleton:UnityEngine.ISerializationCallbackReceiver.OnAfterDeserialize () (at Assets/SteamVR/Input/SteamVR_Action_Skeleton.cs:694)

(Filename: Assets/SteamVR/Input/SteamVR_Action.cs Line: 690)

Could not find match for direction: in
UnityEngine.StackTraceUtility:ExtractStackTrace ()
UnityEngine.DebugLogHandler:LogFormat (UnityEngine.LogType,UnityEngine.Object,string,object[])
UnityEngine.Logger:Log (UnityEngine.LogType,object)
UnityEngine.Debug:LogError (object)
Valve.VR.SteamVR_Action_Source_Map:GetActionDirection () (at Assets/SteamVR/Input/SteamVR_Action.cs:690)
Valve.VR.SteamVR_Action_Source_Map:PreInitialize (Valve.VR.SteamVR_Action,string,bool) (at Assets/SteamVR/Input/SteamVR_Action.cs:636)
Valve.VR.SteamVR_Action`2<Valve.VR.SteamVR_Action_Boolean_Source_Map, Valve.VR.SteamVR_Action_Boolean_Source>:PreInitialize (string) (at Assets/SteamVR/Input/SteamVR_Action.cs:100)
Valve.VR.SteamVR_Action:Create<Valve.VR.SteamVR_Action_Boolean> (string) (at Assets/SteamVR/Input/SteamVR_Action.cs:294)
Valve.VR.SteamVR_Actions:PreInitActions () (at Assets/SteamVR_Input/SteamVR_Input_Actions.cs:301)
Valve.VR.SteamVR_Actions:PreInitialize () (at Assets/SteamVR_Input/SteamVR_Input_Initialization.cs:24)
System.Reflection.MonoMethod:Invoke (object,System.Reflection.BindingFlags,System.Reflection.Binder,object[],System.Globalization.CultureInfo)
System.Reflection.MethodBase:Invoke (object,object[])
Valve.VR.SteamVR_Input:FindPreinitializeMethod () (at Assets/SteamVR/Input/SteamVR_Input.cs:134)
Valve.VR.SteamVR_Input:.cctor () (at Assets/SteamVR/Input/SteamVR_Input.cs:114)
Valve.VR.SteamVR_Action`2<Valve.VR.SteamVR_Action_Skeleton_Source_Map, Valve.VR.SteamVR_Action_Skeleton_Source>:Initialize (bool,bool) (at Assets/SteamVR/Input/SteamVR_Action.cs:172)
Valve.VR.SteamVR_Action`2<Valve.VR.SteamVR_Action_Skeleton_Source_Map, Valve.VR.SteamVR_Action_Skeleton_Source>:InitAfterDeserialize () (at Assets/SteamVR/Input/SteamVR_Action.cs:228)
Valve.VR.SteamVR_Action_Skeleton:UnityEngine.ISerializationCallbackReceiver.OnAfterDeserialize () (at Assets/SteamVR/Input/SteamVR_Action_Skeleton.cs:694)

(Filename: Assets/SteamVR/Input/SteamVR_Action.cs Line: 690)

Could not find match for direction: in
UnityEngine.StackTraceUtility:ExtractStackTrace ()
UnityEngine.DebugLogHandler:LogFormat (UnityEngine.LogType,UnityEngine.Object,string,object[])
UnityEngine.Logger:Log (UnityEngine.LogType,object)
UnityEngine.Debug:LogError (object)
Valve.VR.SteamVR_Action_Source_Map:GetActionDirection () (at Assets/SteamVR/Input/SteamVR_Action.cs:690)
Valve.VR.SteamVR_Action_Source_Map:PreInitialize (Valve.VR.SteamVR_Action,string,bool) (at Assets/SteamVR/Input/SteamVR_Action.cs:636)
Valve.VR.SteamVR_Action`2<Valve.VR.SteamVR_Action_Pose_Source_Map`1<Valve.VR.SteamVR_Action_Pose_Source>, Valve.VR.SteamVR_Action_Pose_Source>:PreInitialize (string) (at Assets/SteamVR/Input/SteamVR_Action.cs:100)
Valve.VR.SteamVR_Action:Create<Valve.VR.SteamVR_Action_Pose> (string) (at Assets/SteamVR/Input/SteamVR_Action.cs:294)
Valve.VR.SteamVR_Actions:PreInitActions () (at Assets/SteamVR_Input/SteamVR_Input_Actions.cs:302)
Valve.VR.SteamVR_Actions:PreInitialize () (at Assets/SteamVR_Input/SteamVR_Input_Initialization.cs:24)
System.Reflection.MonoMethod:Invoke (object,System.Reflection.BindingFlags,System.Reflection.Binder,object[],System.Globalization.CultureInfo)
System.Reflection.MethodBase:Invoke (object,object[])
Valve.VR.SteamVR_Input:FindPreinitializeMethod () (at Assets/SteamVR/Input/SteamVR_Input.cs:134)
Valve.VR.SteamVR_Input:.cctor () (at Assets/SteamVR/Input/SteamVR_Input.cs:114)
Valve.VR.SteamVR_Action`2<Valve.VR.SteamVR_Action_Skeleton_Source_Map, Valve.VR.SteamVR_Action_Skeleton_Source>:Initialize (bool,bool) (at Assets/SteamVR/Input/SteamVR_Action.cs:172)
Valve.VR.SteamVR_Action`2<Valve.VR.SteamVR_Action_Skeleton_Source_Map, Valve.VR.SteamVR_Action_Skeleton_Source>:InitAfterDeserialize () (at Assets/SteamVR/Input/SteamVR_Action.cs:228)
Valve.VR.SteamVR_Action_Skeleton:UnityEngine.ISerializationCallbackReceiver.OnAfterDeserialize () (at Assets/SteamVR/Input/SteamVR_Action_Skeleton.cs:694)

(Filename: Assets/SteamVR/Input/SteamVR_Action.cs Line: 690)

Could not find match for direction: in
UnityEngine.StackTraceUtility:ExtractStackTrace ()
UnityEngine.DebugLogHandler:LogFormat (UnityEngine.LogType,UnityEngine.Object,string,object[])
UnityEngine.Logger:Log (UnityEngine.LogType,object)
UnityEngine.Debug:LogError (object)
Valve.VR.SteamVR_Action_Source_Map:GetActionDirection () (at Assets/SteamVR/Input/SteamVR_Action.cs:690)
Valve.VR.SteamVR_Action_Source_Map:PreInitialize (Valve.VR.SteamVR_Action,string,bool) (at Assets/SteamVR/Input/SteamVR_Action.cs:636)
Valve.VR.SteamVR_Action`2<Valve.VR.SteamVR_Action_Skeleton_Source_Map, Valve.VR.SteamVR_Action_Skeleton_Source>:PreInitialize (string) (at Assets/SteamVR/Input/SteamVR_Action.cs:100)
Valve.VR.SteamVR_Action:Create<Valve.VR.SteamVR_Action_Skeleton> (string) (at Assets/SteamVR/Input/SteamVR_Action.cs:294)
Valve.VR.SteamVR_Actions:PreInitActions () (at Assets/SteamVR_Input/SteamVR_Input_Actions.cs:303)
Valve.VR.SteamVR_Actions:PreInitialize () (at Assets/SteamVR_Input/SteamVR_Input_Initialization.cs:24)
System.Reflection.MonoMethod:Invoke (object,System.Reflection.BindingFlags,System.Reflection.Binder,object[],System.Globalization.CultureInfo)
System.Reflection.MethodBase:Invoke (object,object[])
Valve.VR.SteamVR_Input:FindPreinitializeMethod () (at Assets/SteamVR/Input/SteamVR_Input.cs:134)
Valve.VR.SteamVR_Input:.cctor () (at Assets/SteamVR/Input/SteamVR_Input.cs:114)
Valve.VR.SteamVR_Action`2<Valve.VR.SteamVR_Action_Skeleton_Source_Map, Valve.VR.SteamVR_Action_Skeleton_Source>:Initialize (bool,bool) (at Assets/SteamVR/Input/SteamVR_Action.cs:172)
Valve.VR.SteamVR_Action`2<Valve.VR.SteamVR_Action_Skeleton_Source_Map, Valve.VR.SteamVR_Action_Skeleton_Source>:InitAfterDeserialize () (at Assets/SteamVR/Input/SteamVR_Action.cs:228)
Valve.VR.SteamVR_Action_Skeleton:UnityEngine.ISerializationCallbackReceiver.OnAfterDeserialize () (at Assets/SteamVR/Input/SteamVR_Action_Skeleton.cs:694)

(Filename: Assets/SteamVR/Input/SteamVR_Action.cs Line: 690)

Could not find match for direction: in
UnityEngine.StackTraceUtility:ExtractStackTrace ()
UnityEngine.DebugLogHandler:LogFormat (UnityEngine.LogType,UnityEngine.Object,string,object[])
UnityEngine.Logger:Log (UnityEngine.LogType,object)
UnityEngine.Debug:LogError (object)
Valve.VR.SteamVR_Action_Source_Map:GetActionDirection () (at Assets/SteamVR/Input/SteamVR_Action.cs:690)
Valve.VR.SteamVR_Action_Source_Map:PreInitialize (Valve.VR.SteamVR_Action,string,bool) (at Assets/SteamVR/Input/SteamVR_Action.cs:636)
Valve.VR.SteamVR_Action`2<Valve.VR.SteamVR_Action_Skeleton_Source_Map, Valve.VR.SteamVR_Action_Skeleton_Source>:PreInitialize (string) (at Assets/SteamVR/Input/SteamVR_Action.cs:100)
Valve.VR.SteamVR_Action:Create<Valve.VR.SteamVR_Action_Skeleton> (string) (at Assets/SteamVR/Input/SteamVR_Action.cs:294)
Valve.VR.SteamVR_Actions:PreInitActions () (at Assets/SteamVR_Input/SteamVR_Input_Actions.cs:304)
Valve.VR.SteamVR_Actions:PreInitialize () (at Assets/SteamVR_Input/SteamVR_Input_Initialization.cs:24)
System.Reflection.MonoMethod:Invoke (object,System.Reflection.BindingFlags,System.Reflection.Binder,object[],System.Globalization.CultureInfo)
System.Reflection.MethodBase:Invoke (object,object[])
Valve.VR.SteamVR_Input:FindPreinitializeMethod () (at Assets/SteamVR/Input/SteamVR_Input.cs:134)
Valve.VR.SteamVR_Input:.cctor () (at Assets/SteamVR/Input/SteamVR_Input.cs:114)
Valve.VR.SteamVR_Action`2<Valve.VR.SteamVR_Action_Skeleton_Source_Map, Valve.VR.SteamVR_Action_Skeleton_Source>:Initialize (bool,bool) (at Assets/SteamVR/Input/SteamVR_Action.cs:172)
Valve.VR.SteamVR_Action`2<Valve.VR.SteamVR_Action_Skeleton_Source_Map, Valve.VR.SteamVR_Action_Skeleton_Source>:InitAfterDeserialize () (at Assets/SteamVR/Input/SteamVR_Action.cs:228)
Valve.VR.SteamVR_Action_Skeleton:UnityEngine.ISerializationCallbackReceiver.OnAfterDeserialize () (at Assets/SteamVR/Input/SteamVR_Action_Skeleton.cs:694)

(Filename: Assets/SteamVR/Input/SteamVR_Action.cs Line: 690)

Could not find match for direction: in
UnityEngine.StackTraceUtility:ExtractStackTrace ()
UnityEngine.DebugLogHandler:LogFormat (UnityEngine.LogType,UnityEngine.Object,string,object[])
UnityEngine.Logger:Log (UnityEngine.LogType,object)
UnityEngine.Debug:LogError (object)
Valve.VR.SteamVR_Action_Source_Map:GetActionDirection () (at Assets/SteamVR/Input/SteamVR_Action.cs:690)
Valve.VR.SteamVR_Action_Source_Map:PreInitialize (Valve.VR.SteamVR_Action,string,bool) (at Assets/SteamVR/Input/SteamVR_Action.cs:636)
Valve.VR.SteamVR_Action`2<Valve.VR.SteamVR_Action_Single_Source_Map, Valve.VR.SteamVR_Action_Single_Source>:PreInitialize (string) (at Assets/SteamVR/Input/SteamVR_Action.cs:100)
Valve.VR.SteamVR_Action:Create<Valve.VR.SteamVR_Action_Single> (string) (at Assets/SteamVR/Input/SteamVR_Action.cs:294)
Valve.VR.SteamVR_Actions:PreInitActions () (at Assets/SteamVR_Input/SteamVR_Input_Actions.cs:305)
Valve.VR.SteamVR_Actions:PreInitialize () (at Assets/SteamVR_Input/SteamVR_Input_Initialization.cs:24)
System.Reflection.MonoMethod:Invoke (object,System.Reflection.BindingFlags,System.Reflection.Binder,object[],System.Globalization.CultureInfo)
System.Reflection.MethodBase:Invoke (object,object[])
Valve.VR.SteamVR_Input:FindPreinitializeMethod () (at Assets/SteamVR/Input/SteamVR_Input.cs:134)
Valve.VR.SteamVR_Input:.cctor () (at Assets/SteamVR/Input/SteamVR_Input.cs:114)
Valve.VR.SteamVR_Action`2<Valve.VR.SteamVR_Action_Skeleton_Source_Map, Valve.VR.SteamVR_Action_Skeleton_Source>:Initialize (bool,bool) (at Assets/SteamVR/Input/SteamVR_Action.cs:172)
Valve.VR.SteamVR_Action`2<Valve.VR.SteamVR_Action_Skeleton_Source_Map, Valve.VR.SteamVR_Action_Skeleton_Source>:InitAfterDeserialize () (at Assets/SteamVR/Input/SteamVR_Action.cs:228)
Valve.VR.SteamVR_Action_Skeleton:UnityEngine.ISerializationCallbackReceiver.OnAfterDeserialize () (at Assets/SteamVR/Input/SteamVR_Action_Skeleton.cs:694)

(Filename: Assets/SteamVR/Input/SteamVR_Action.cs Line: 690)

Could not find match for direction: in
UnityEngine.StackTraceUtility:ExtractStackTrace ()
UnityEngine.DebugLogHandler:LogFormat (UnityEngine.LogType,UnityEngine.Object,string,object[])
UnityEngine.Logger:Log (UnityEngine.LogType,object)
UnityEngine.Debug:LogError (object)
Valve.VR.SteamVR_Action_Source_Map:GetActionDirection () (at Assets/SteamVR/Input/SteamVR_Action.cs:690)
Valve.VR.SteamVR_Action_Source_Map:PreInitialize (Valve.VR.SteamVR_Action,string,bool) (at Assets/SteamVR/Input/SteamVR_Action.cs:636)
Valve.VR.SteamVR_Action`2<Valve.VR.SteamVR_Action_Boolean_Source_Map, Valve.VR.SteamVR_Action_Boolean_Source>:PreInitialize (string) (at Assets/SteamVR/Input/SteamVR_Action.cs:100)
Valve.VR.SteamVR_Action:Create<Valve.VR.SteamVR_Action_Boolean> (string) (at Assets/SteamVR/Input/SteamVR_Action.cs:294)
Valve.VR.SteamVR_Actions:PreInitActions () (at Assets/SteamVR_Input/SteamVR_Input_Actions.cs:306)
Valve.VR.SteamVR_Actions:PreInitialize () (at Assets/SteamVR_Input/SteamVR_Input_Initialization.cs:24)
System.Reflection.MonoMethod:Invoke (object,System.Reflection.BindingFlags,System.Reflection.Binder,object[],System.Globalization.CultureInfo)
System.Reflection.MethodBase:Invoke (object,object[])
Valve.VR.SteamVR_Input:FindPreinitializeMethod () (at Assets/SteamVR/Input/SteamVR_Input.cs:134)
Valve.VR.SteamVR_Input:.cctor () (at Assets/SteamVR/Input/SteamVR_Input.cs:114)
Valve.VR.SteamVR_Action`2<Valve.VR.SteamVR_Action_Skeleton_Source_Map, Valve.VR.SteamVR_Action_Skeleton_Source>:Initialize (bool,bool) (at Assets/SteamVR/Input/SteamVR_Action.cs:172)
Valve.VR.SteamVR_Action`2<Valve.VR.SteamVR_Action_Skeleton_Source_Map, Valve.VR.SteamVR_Action_Skeleton_Source>:InitAfterDeserialize () (at Assets/SteamVR/Input/SteamVR_Action.cs:228)
Valve.VR.SteamVR_Action_Skeleton:UnityEngine.ISerializationCallbackReceiver.OnAfterDeserialize () (at Assets/SteamVR/Input/SteamVR_Action_Skeleton.cs:694)

(Filename: Assets/SteamVR/Input/SteamVR_Action.cs Line: 690)

Could not find match for direction: in
UnityEngine.StackTraceUtility:ExtractStackTrace ()
UnityEngine.DebugLogHandler:LogFormat (UnityEngine.LogType,UnityEngine.Object,string,object[])
UnityEngine.Logger:Log (UnityEngine.LogType,object)
UnityEngine.Debug:LogError (object)
Valve.VR.SteamVR_Action_Source_Map:GetActionDirection () (at Assets/SteamVR/Input/SteamVR_Action.cs:690)
Valve.VR.SteamVR_Action_Source_Map:PreInitialize (Valve.VR.SteamVR_Action,string,bool) (at Assets/SteamVR/Input/SteamVR_Action.cs:636)
Valve.VR.SteamVR_Action`2<Valve.VR.SteamVR_Action_Boolean_Source_Map, Valve.VR.SteamVR_Action_Boolean_Source>:PreInitialize (string) (at Assets/SteamVR/Input/SteamVR_Action.cs:100)
Valve.VR.SteamVR_Action:Create<Valve.VR.SteamVR_Action_Boolean> (string) (at Assets/SteamVR/Input/SteamVR_Action.cs:294)
Valve.VR.SteamVR_Actions:PreInitActions () (at Assets/SteamVR_Input/SteamVR_Input_Actions.cs:307)
Valve.VR.SteamVR_Actions:PreInitialize () (at Assets/SteamVR_Input/SteamVR_Input_Initialization.cs:24)
System.Reflection.MonoMethod:Invoke (object,System.Reflection.BindingFlags,System.Reflection.Binder,object[],System.Globalization.CultureInfo)
System.Reflection.MethodBase:Invoke (object,object[])
Valve.VR.SteamVR_Input:FindPreinitializeMethod () (at Assets/SteamVR/Input/SteamVR_Input.cs:134)
Valve.VR.SteamVR_Input:.cctor () (at Assets/SteamVR/Input/SteamVR_Input.cs:114)
Valve.VR.SteamVR_Action`2<Valve.VR.SteamVR_Action_Skeleton_Source_Map, Valve.VR.SteamVR_Action_Skeleton_Source>:Initialize (bool,bool) (at Assets/SteamVR/Input/SteamVR_Action.cs:172)
Valve.VR.SteamVR_Action`2<Valve.VR.SteamVR_Action_Skeleton_Source_Map, Valve.VR.SteamVR_Action_Skeleton_Source>:InitAfterDeserialize () (at Assets/SteamVR/Input/SteamVR_Action.cs:228)
Valve.VR.SteamVR_Action_Skeleton:UnityEngine.ISerializationCallbackReceiver.OnAfterDeserialize () (at Assets/SteamVR/Input/SteamVR_Action_Skeleton.cs:694)

(Filename: Assets/SteamVR/Input/SteamVR_Action.cs Line: 690)

Could not find match for direction: in
UnityEngine.StackTraceUtility:ExtractStackTrace ()
UnityEngine.DebugLogHandler:LogFormat (UnityEngine.LogType,UnityEngine.Object,string,object[])
UnityEngine.Logger:Log (UnityEngine.LogType,object)
UnityEngine.Debug:LogError (object)
Valve.VR.SteamVR_Action_Source_Map:GetActionDirection () (at Assets/SteamVR/Input/SteamVR_Action.cs:690)
Valve.VR.SteamVR_Action_Source_Map:PreInitialize (Valve.VR.SteamVR_Action,string,bool) (at Assets/SteamVR/Input/SteamVR_Action.cs:636)
Valve.VR.SteamVR_Action`2<Valve.VR.SteamVR_Action_Boolean_Source_Map, Valve.VR.SteamVR_Action_Boolean_Source>:PreInitialize (string) (at Assets/SteamVR/Input/SteamVR_Action.cs:100)
Valve.VR.SteamVR_Action:Create<Valve.VR.SteamVR_Action_Boolean> (string) (at Assets/SteamVR/Input/SteamVR_Action.cs:294)
Valve.VR.SteamVR_Actions:PreInitActions () (at Assets/SteamVR_Input/SteamVR_Input_Actions.cs:308)
Valve.VR.SteamVR_Actions:PreInitialize () (at Assets/SteamVR_Input/SteamVR_Input_Initialization.cs:24)
System.Reflection.MonoMethod:Invoke (object,System.Reflection.BindingFlags,System.Reflection.Binder,object[],System.Globalization.CultureInfo)
System.Reflection.MethodBase:Invoke (object,object[])
Valve.VR.SteamVR_Input:FindPreinitializeMethod () (at Assets/SteamVR/Input/SteamVR_Input.cs:134)
Valve.VR.SteamVR_Input:.cctor () (at Assets/SteamVR/Input/SteamVR_Input.cs:114)
Valve.VR.SteamVR_Action`2<Valve.VR.SteamVR_Action_Skeleton_Source_Map, Valve.VR.SteamVR_Action_Skeleton_Source>:Initialize (bool,bool) (at Assets/SteamVR/Input/SteamVR_Action.cs:172)
Valve.VR.SteamVR_Action`2<Valve.VR.SteamVR_Action_Skeleton_Source_Map, Valve.VR.SteamVR_Action_Skeleton_Source>:InitAfterDeserialize () (at Assets/SteamVR/Input/SteamVR_Action.cs:228)
Valve.VR.SteamVR_Action_Skeleton:UnityEngine.ISerializationCallbackReceiver.OnAfterDeserialize () (at Assets/SteamVR/Input/SteamVR_Action_Skeleton.cs:694)

(Filename: Assets/SteamVR/Input/SteamVR_Action.cs Line: 690)

Could not find match for direction: in
UnityEngine.StackTraceUtility:ExtractStackTrace ()
UnityEngine.DebugLogHandler:LogFormat (UnityEngine.LogType,UnityEngine.Object,string,object[])
UnityEngine.Logger:Log (UnityEngine.LogType,object)
UnityEngine.Debug:LogError (object)
Valve.VR.SteamVR_Action_Source_Map:GetActionDirection () (at Assets/SteamVR/Input/SteamVR_Action.cs:690)
Valve.VR.SteamVR_Action_Source_Map:PreInitialize (Valve.VR.SteamVR_Action,string,bool) (at Assets/SteamVR/Input/SteamVR_Action.cs:636)
Valve.VR.SteamVR_Action`2<Valve.VR.SteamVR_Action_Vector2_Source_Map, Valve.VR.SteamVR_Action_Vector2_Source>:PreInitialize (string) (at Assets/SteamVR/Input/SteamVR_Action.cs:100)
Valve.VR.SteamVR_Action:Create<Valve.VR.SteamVR_Action_Vector2> (string) (at Assets/SteamVR/Input/SteamVR_Action.cs:294)
Valve.VR.SteamVR_Actions:PreInitActions () (at Assets/SteamVR_Input/SteamVR_Input_Actions.cs:310)
Valve.VR.SteamVR_Actions:PreInitialize () (at Assets/SteamVR_Input/SteamVR_Input_Initialization.cs:24)
System.Reflection.MonoMethod:Invoke (object,System.Reflection.BindingFlags,System.Reflection.Binder,object[],System.Globalization.CultureInfo)
System.Reflection.MethodBase:Invoke (object,object[])
Valve.VR.SteamVR_Input:FindPreinitializeMethod () (at Assets/SteamVR/Input/SteamVR_Input.cs:134)
Valve.VR.SteamVR_Input:.cctor () (at Assets/SteamVR/Input/SteamVR_Input.cs:114)
Valve.VR.SteamVR_Action`2<Valve.VR.SteamVR_Action_Skeleton_Source_Map, Valve.VR.SteamVR_Action_Skeleton_Source>:Initialize (bool,bool) (at Assets/SteamVR/Input/SteamVR_Action.cs:172)
Valve.VR.SteamVR_Action`2<Valve.VR.SteamVR_Action_Skeleton_Source_Map, Valve.VR.SteamVR_Action_Skeleton_Source>:InitAfterDeserialize () (at Assets/SteamVR/Input/SteamVR_Action.cs:228)
Valve.VR.SteamVR_Action_Skeleton:UnityEngine.ISerializationCallbackReceiver.OnAfterDeserialize () (at Assets/SteamVR/Input/SteamVR_Action_Skeleton.cs:694)

(Filename: Assets/SteamVR/Input/SteamVR_Action.cs Line: 690)

Could not find match for direction: in
UnityEngine.StackTraceUtility:ExtractStackTrace ()
UnityEngine.DebugLogHandler:LogFormat (UnityEngine.LogType,UnityEngine.Object,string,object[])
UnityEngine.Logger:Log (UnityEngine.LogType,object)
UnityEngine.Debug:LogError (object)
Valve.VR.SteamVR_Action_Source_Map:GetActionDirection () (at Assets/SteamVR/Input/SteamVR_Action.cs:690)
Valve.VR.SteamVR_Action_Source_Map:PreInitialize (Valve.VR.SteamVR_Action,string,bool) (at Assets/SteamVR/Input/SteamVR_Action.cs:636)
Valve.VR.SteamVR_Action`2<Valve.VR.SteamVR_Action_Boolean_Source_Map, Valve.VR.SteamVR_Action_Boolean_Source>:PreInitialize (string) (at Assets/SteamVR/Input/SteamVR_Action.cs:100)
Valve.VR.SteamVR_Action:Create<Valve.VR.SteamVR_Action_Boolean> (string) (at Assets/SteamVR/Input/SteamVR_Action.cs:294)
Valve.VR.SteamVR_Actions:PreInitActions () (at Assets/SteamVR_Input/SteamVR_Input_Actions.cs:311)
Valve.VR.SteamVR_Actions:PreInitialize () (at Assets/SteamVR_Input/SteamVR_Input_Initialization.cs:24)
System.Reflection.MonoMethod:Invoke (object,System.Reflection.BindingFlags,System.Reflection.Binder,object[],System.Globalization.CultureInfo)
System.Reflection.MethodBase:Invoke (object,object[])
Valve.VR.SteamVR_Input:FindPreinitializeMethod () (at Assets/SteamVR/Input/SteamVR_Input.cs:134)
Valve.VR.SteamVR_Input:.cctor () (at Assets/SteamVR/Input/SteamVR_Input.cs:114)
Valve.VR.SteamVR_Action`2<Valve.VR.SteamVR_Action_Skeleton_Source_Map, Valve.VR.SteamVR_Action_Skeleton_Source>:Initialize (bool,bool) (at Assets/SteamVR/Input/SteamVR_Action.cs:172)
Valve.VR.SteamVR_Action`2<Valve.VR.SteamVR_Action_Skeleton_Source_Map, Valve.VR.SteamVR_Action_Skeleton_Source>:InitAfterDeserialize () (at Assets/SteamVR/Input/SteamVR_Action.cs:228)
Valve.VR.SteamVR_Action_Skeleton:UnityEngine.ISerializationCallbackReceiver.OnAfterDeserialize () (at Assets/SteamVR/Input/SteamVR_Action_Skeleton.cs:694)

(Filename: Assets/SteamVR/Input/SteamVR_Action.cs Line: 690)

Could not find match for direction: in
UnityEngine.StackTraceUtility:ExtractStackTrace ()
UnityEngine.DebugLogHandler:LogFormat (UnityEngine.LogType,UnityEngine.Object,string,object[])
UnityEngine.Logger:Log (UnityEngine.LogType,object)
UnityEngine.Debug:LogError (object)
Valve.VR.SteamVR_Action_Source_Map:GetActionDirection () (at Assets/SteamVR/Input/SteamVR_Action.cs:690)
Valve.VR.SteamVR_Action_Source_Map:PreInitialize (Valve.VR.SteamVR_Action,string,bool) (at Assets/SteamVR/Input/SteamVR_Action.cs:636)
Valve.VR.SteamVR_Action`2<Valve.VR.SteamVR_Action_Vector2_Source_Map, Valve.VR.SteamVR_Action_Vector2_Source>:PreInitialize (string) (at Assets/SteamVR/Input/SteamVR_Action.cs:100)
Valve.VR.SteamVR_Action:Create<Valve.VR.SteamVR_Action_Vector2> (string) (at Assets/SteamVR/Input/SteamVR_Action.cs:294)
Valve.VR.SteamVR_Actions:PreInitActions () (at Assets/SteamVR_Input/SteamVR_Input_Actions.cs:312)
Valve.VR.SteamVR_Actions:PreInitialize () (at Assets/SteamVR_Input/SteamVR_Input_Initialization.cs:24)
System.Reflection.MonoMethod:Invoke (object,System.Reflection.BindingFlags,System.Reflection.Binder,object[],System.Globalization.CultureInfo)
System.Reflection.MethodBase:Invoke (object,object[])
Valve.VR.SteamVR_Input:FindPreinitializeMethod () (at Assets/SteamVR/Input/SteamVR_Input.cs:134)
Valve.VR.SteamVR_Input:.cctor () (at Assets/SteamVR/Input/SteamVR_Input.cs:114)
Valve.VR.SteamVR_Action`2<Valve.VR.SteamVR_Action_Skeleton_Source_Map, Valve.VR.SteamVR_Action_Skeleton_Source>:Initialize (bool,bool) (at Assets/SteamVR/Input/SteamVR_Action.cs:172)
Valve.VR.SteamVR_Action`2<Valve.VR.SteamVR_Action_Skeleton_Source_Map, Valve.VR.SteamVR_Action_Skeleton_Source>:InitAfterDeserialize () (at Assets/SteamVR/Input/SteamVR_Action.cs:228)
Valve.VR.SteamVR_Action_Skeleton:UnityEngine.ISerializationCallbackReceiver.OnAfterDeserialize () (at Assets/SteamVR/Input/SteamVR_Action_Skeleton.cs:694)

(Filename: Assets/SteamVR/Input/SteamVR_Action.cs Line: 690)

Could not find match for direction: in
UnityEngine.StackTraceUtility:ExtractStackTrace ()
UnityEngine.DebugLogHandler:LogFormat (UnityEngine.LogType,UnityEngine.Object,string,object[])
UnityEngine.Logger:Log (UnityEngine.LogType,object)
UnityEngine.Debug:LogError (object)
Valve.VR.SteamVR_Action_Source_Map:GetActionDirection () (at Assets/SteamVR/Input/SteamVR_Action.cs:690)
Valve.VR.SteamVR_Action_Source_Map:PreInitialize (Valve.VR.SteamVR_Action,string,bool) (at Assets/SteamVR/Input/SteamVR_Action.cs:636)
Valve.VR.SteamVR_Action`2<Valve.VR.SteamVR_Action_Single_Source_Map, Valve.VR.SteamVR_Action_Single_Source>:PreInitialize (string) (at Assets/SteamVR/Input/SteamVR_Action.cs:100)
Valve.VR.SteamVR_Action:Create<Valve.VR.SteamVR_Action_Single> (string) (at Assets/SteamVR/Input/SteamVR_Action.cs:294)
Valve.VR.SteamVR_Actions:PreInitActions () (at Assets/SteamVR_Input/SteamVR_Input_Actions.cs:313)
Valve.VR.SteamVR_Actions:PreInitialize () (at Assets/SteamVR_Input/SteamVR_Input_Initialization.cs:24)
System.Reflection.MonoMethod:Invoke (object,System.Reflection.BindingFlags,System.Reflection.Binder,object[],System.Globalization.CultureInfo)
System.Reflection.MethodBase:Invoke (object,object[])
Valve.VR.SteamVR_Input:FindPreinitializeMethod () (at Assets/SteamVR/Input/SteamVR_Input.cs:134)
Valve.VR.SteamVR_Input:.cctor () (at Assets/SteamVR/Input/SteamVR_Input.cs:114)
Valve.VR.SteamVR_Action`2<Valve.VR.SteamVR_Action_Skeleton_Source_Map, Valve.VR.SteamVR_Action_Skeleton_Source>:Initialize (bool,bool) (at Assets/SteamVR/Input/SteamVR_Action.cs:172)
Valve.VR.SteamVR_Action`2<Valve.VR.SteamVR_Action_Skeleton_Source_Map, Valve.VR.SteamVR_Action_Skeleton_Source>:InitAfterDeserialize () (at Assets/SteamVR/Input/SteamVR_Action.cs:228)
Valve.VR.SteamVR_Action_Skeleton:UnityEngine.ISerializationCallbackReceiver.OnAfterDeserialize () (at Assets/SteamVR/Input/SteamVR_Action_Skeleton.cs:694)

(Filename: Assets/SteamVR/Input/SteamVR_Action.cs Line: 690)

Could not find match for direction: in
UnityEngine.StackTraceUtility:ExtractStackTrace ()
UnityEngine.DebugLogHandler:LogFormat (UnityEngine.LogType,UnityEngine.Object,string,object[])
UnityEngine.Logger:Log (UnityEngine.LogType,object)
UnityEngine.Debug:LogError (object)
Valve.VR.SteamVR_Action_Source_Map:GetActionDirection () (at Assets/SteamVR/Input/SteamVR_Action.cs:690)
Valve.VR.SteamVR_Action_Source_Map:PreInitialize (Valve.VR.SteamVR_Action,string,bool) (at Assets/SteamVR/Input/SteamVR_Action.cs:636)
Valve.VR.SteamVR_Action`2<Valve.VR.SteamVR_Action_Boolean_Source_Map, Valve.VR.SteamVR_Action_Boolean_Source>:PreInitialize (string) (at Assets/SteamVR/Input/SteamVR_Action.cs:100)
Valve.VR.SteamVR_Action:Create<Valve.VR.SteamVR_Action_Boolean> (string) (at Assets/SteamVR/Input/SteamVR_Action.cs:294)
Valve.VR.SteamVR_Actions:PreInitActions () (at Assets/SteamVR_Input/SteamVR_Input_Actions.cs:314)
Valve.VR.SteamVR_Actions:PreInitialize () (at Assets/SteamVR_Input/SteamVR_Input_Initialization.cs:24)
System.Reflection.MonoMethod:Invoke (object,System.Reflection.BindingFlags,System.Reflection.Binder,object[],System.Globalization.CultureInfo)
System.Reflection.MethodBase:Invoke (object,object[])
Valve.VR.SteamVR_Input:FindPreinitializeMethod () (at Assets/SteamVR/Input/SteamVR_Input.cs:134)
Valve.VR.SteamVR_Input:.cctor () (at Assets/SteamVR/Input/SteamVR_Input.cs:114)
Valve.VR.SteamVR_Action`2<Valve.VR.SteamVR_Action_Skeleton_Source_Map, Valve.VR.SteamVR_Action_Skeleton_Source>:Initialize (bool,bool) (at Assets/SteamVR/Input/SteamVR_Action.cs:172)
Valve.VR.SteamVR_Action`2<Valve.VR.SteamVR_Action_Skeleton_Source_Map, Valve.VR.SteamVR_Action_Skeleton_Source>:InitAfterDeserialize () (at Assets/SteamVR/Input/SteamVR_Action.cs:228)
Valve.VR.SteamVR_Action_Skeleton:UnityEngine.ISerializationCallbackReceiver.OnAfterDeserialize () (at Assets/SteamVR/Input/SteamVR_Action_Skeleton.cs:694)

(Filename: Assets/SteamVR/Input/SteamVR_Action.cs Line: 690)

Could not find match for direction: in
UnityEngine.StackTraceUtility:ExtractStackTrace ()
UnityEngine.DebugLogHandler:LogFormat (UnityEngine.LogType,UnityEngine.Object,string,object[])
UnityEngine.Logger:Log (UnityEngine.LogType,object)
UnityEngine.Debug:LogError (object)
Valve.VR.SteamVR_Action_Source_Map:GetActionDirection () (at Assets/SteamVR/Input/SteamVR_Action.cs:690)
Valve.VR.SteamVR_Action_Source_Map:PreInitialize (Valve.VR.SteamVR_Action,string,bool) (at Assets/SteamVR/Input/SteamVR_Action.cs:636)
Valve.VR.SteamVR_Action`2<Valve.VR.SteamVR_Action_Boolean_Source_Map, Valve.VR.SteamVR_Action_Boolean_Source>:PreInitialize (string) (at Assets/SteamVR/Input/SteamVR_Action.cs:100)
Valve.VR.SteamVR_Action:Create<Valve.VR.SteamVR_Action_Boolean> (string) (at Assets/SteamVR/Input/SteamVR_Action.cs:294)
Valve.VR.SteamVR_Actions:PreInitActions () (at Assets/SteamVR_Input/SteamVR_Input_Actions.cs:315)
Valve.VR.SteamVR_Actions:PreInitialize () (at Assets/SteamVR_Input/SteamVR_Input_Initialization.cs:24)
System.Reflection.MonoMethod:Invoke (object,System.Reflection.BindingFlags,System.Reflection.Binder,object[],System.Globalization.CultureInfo)
System.Reflection.MethodBase:Invoke (object,object[])
Valve.VR.SteamVR_Input:FindPreinitializeMethod () (at Assets/SteamVR/Input/SteamVR_Input.cs:134)
Valve.VR.SteamVR_Input:.cctor () (at Assets/SteamVR/Input/SteamVR_Input.cs:114)
Valve.VR.SteamVR_Action`2<Valve.VR.SteamVR_Action_Skeleton_Source_Map, Valve.VR.SteamVR_Action_Skeleton_Source>:Initialize (bool,bool) (at Assets/SteamVR/Input/SteamVR_Action.cs:172)
Valve.VR.SteamVR_Action`2<Valve.VR.SteamVR_Action_Skeleton_Source_Map, Valve.VR.SteamVR_Action_Skeleton_Source>:InitAfterDeserialize () (at Assets/SteamVR/Input/SteamVR_Action.cs:228)
Valve.VR.SteamVR_Action_Skeleton:UnityEngine.ISerializationCallbackReceiver.OnAfterDeserialize () (at Assets/SteamVR/Input/SteamVR_Action_Skeleton.cs:694)

(Filename: Assets/SteamVR/Input/SteamVR_Action.cs Line: 690)

Could not find match for direction: in
UnityEngine.StackTraceUtility:ExtractStackTrace ()
UnityEngine.DebugLogHandler:LogFormat (UnityEngine.LogType,UnityEngine.Object,string,object[])
UnityEngine.Logger:Log (UnityEngine.LogType,object)
UnityEngine.Debug:LogError (object)
Valve.VR.SteamVR_Action_Source_Map:GetActionDirection () (at Assets/SteamVR/Input/SteamVR_Action.cs:690)
Valve.VR.SteamVR_Action_Source_Map:PreInitialize (Valve.VR.SteamVR_Action,string,bool) (at Assets/SteamVR/Input/SteamVR_Action.cs:636)
Valve.VR.SteamVR_Action`2<Valve.VR.SteamVR_Action_Pose_Source_Map`1<Valve.VR.SteamVR_Action_Pose_Source>, Valve.VR.SteamVR_Action_Pose_Source>:PreInitialize (string) (at Assets/SteamVR/Input/SteamVR_Action.cs:100)
Valve.VR.SteamVR_Action:Create<Valve.VR.SteamVR_Action_Pose> (string) (at Assets/SteamVR/Input/SteamVR_Action.cs:294)
Valve.VR.SteamVR_Actions:PreInitActions () (at Assets/SteamVR_Input/SteamVR_Input_Actions.cs:316)
Valve.VR.SteamVR_Actions:PreInitialize () (at Assets/SteamVR_Input/SteamVR_Input_Initialization.cs:24)
System.Reflection.MonoMethod:Invoke (object,System.Reflection.BindingFlags,System.Reflection.Binder,object[],System.Globalization.CultureInfo)
System.Reflection.MethodBase:Invoke (object,object[])
Valve.VR.SteamVR_Input:FindPreinitializeMethod () (at Assets/SteamVR/Input/SteamVR_Input.cs:134)
Valve.VR.SteamVR_Input:.cctor () (at Assets/SteamVR/Input/SteamVR_Input.cs:114)
Valve.VR.SteamVR_Action`2<Valve.VR.SteamVR_Action_Skeleton_Source_Map, Valve.VR.SteamVR_Action_Skeleton_Source>:Initialize (bool,bool) (at Assets/SteamVR/Input/SteamVR_Action.cs:172)
Valve.VR.SteamVR_Action`2<Valve.VR.SteamVR_Action_Skeleton_Source_Map, Valve.VR.SteamVR_Action_Skeleton_Source>:InitAfterDeserialize () (at Assets/SteamVR/Input/SteamVR_Action.cs:228)
Valve.VR.SteamVR_Action_Skeleton:UnityEngine.ISerializationCallbackReceiver.OnAfterDeserialize () (at Assets/SteamVR/Input/SteamVR_Action_Skeleton.cs:694)

(Filename: Assets/SteamVR/Input/SteamVR_Action.cs Line: 690)

 -> (artifact id: 'b050673f575e40a7774ca64b90748cc9') in 0.069556 seconds 
========================================================================
Received Import Request.
  Time since last request: 0.000313 seconds.
  path: Assets/SteamVR/Prefabs/vr_hand_floppy_left.prefab
  artifactKey: Guid(85d52d9937d11064295294895b28d068) Importer(815301076,1909f56bfc062723c751e8b465ee728b)
Start importing Assets/SteamVR/Prefabs/vr_hand_floppy_left.prefab using Guid(85d52d9937d11064295294895b28d068) Importer(815301076,1909f56bfc062723c751e8b465ee728b)  -> (artifact id: '413b8e616bbbbe2340890150668e8b4d') in 0.029208 seconds 
========================================================================
Received Import Request.
  Time since last request: 0.000169 seconds.
  path: Assets/SteamVR/Prefabs/vr_hand_alien_left.prefab
  artifactKey: Guid(78cacad1b5fb93349a980d2189b52b89) Importer(815301076,1909f56bfc062723c751e8b465ee728b)
Start importing Assets/SteamVR/Prefabs/vr_hand_alien_left.prefab using Guid(78cacad1b5fb93349a980d2189b52b89) Importer(815301076,1909f56bfc062723c751e8b465ee728b)  -> (artifact id: '3bb35cd1977a0880546ca782900a55d8') in 0.050003 seconds 
========================================================================
Received Import Request.
  Time since last request: 0.000231 seconds.
  path: Assets/SteamVR/Prefabs/vr_glove_right.prefab
  artifactKey: Guid(5dc81ef5cae96304586abbc6e4b5beb8) Importer(815301076,1909f56bfc062723c751e8b465ee728b)
Start importing Assets/SteamVR/Prefabs/vr_glove_right.prefab using Guid(5dc81ef5cae96304586abbc6e4b5beb8) Importer(815301076,1909f56bfc062723c751e8b465ee728b)  -> (artifact id: '5ba92fc61e6438de9b4435aa96d1884e') in 0.033288 seconds 
========================================================================
Received Import Request.
  Time since last request: 0.000155 seconds.
  path: Assets/SteamVR/Prefabs/vr_hand_floppy_right.prefab
  artifactKey: Guid(48a64ca49a112494fa864087de12b75c) Importer(815301076,1909f56bfc062723c751e8b465ee728b)
Start importing Assets/SteamVR/Prefabs/vr_hand_floppy_right.prefab using Guid(48a64ca49a112494fa864087de12b75c) Importer(815301076,1909f56bfc062723c751e8b465ee728b)  -> (artifact id: 'c5801b0570b19e1335d6488ff8dfcf59') in 0.024993 seconds 
========================================================================
Received Import Request.
  Time since last request: 0.000203 seconds.
  path: Assets/SteamVR/Prefabs/vr_hand_alien_right.prefab
  artifactKey: Guid(a2330dd3e2bcb44428f727270af1d625) Importer(815301076,1909f56bfc062723c751e8b465ee728b)
Start importing Assets/SteamVR/Prefabs/vr_hand_alien_right.prefab using Guid(a2330dd3e2bcb44428f727270af1d625) Importer(815301076,1909f56bfc062723c751e8b465ee728b)  -> (artifact id: '206b1554c34a3f4042e08ddb99c1d8f6') in 0.050046 seconds 
========================================================================
Received Import Request.
  Time since last request: 0.000113 seconds.
  path: Assets/SteamVR/Prefabs/vr_glove_left_model_slim.prefab
  artifactKey: Guid(638779290bce1af49b356f33dcc6fccf) Importer(815301076,1909f56bfc062723c751e8b465ee728b)
Start importing Assets/SteamVR/Prefabs/vr_glove_left_model_slim.prefab using Guid(638779290bce1af49b356f33dcc6fccf) Importer(815301076,1909f56bfc062723c751e8b465ee728b)  -> (artifact id: 'a139a2fbc446f4d2f466495b81d8b9ca') in 0.035569 seconds 
========================================================================
Received Import Request.
  Time since last request: 0.000205 seconds.
  path: Assets/SteamVR/Prefabs/vr_glove_left.prefab
  artifactKey: Guid(057574477c20401448aba7c848873712) Importer(815301076,1909f56bfc062723c751e8b465ee728b)
Start importing Assets/SteamVR/Prefabs/vr_glove_left.prefab using Guid(057574477c20401448aba7c848873712) Importer(815301076,1909f56bfc062723c751e8b465ee728b)  -> (artifact id: '2a0bdcaf2a48e4fb725674012ee9cc59') in 0.033354 seconds 
========================================================================
Received Import Request.
  Time since last request: 3.095811 seconds.
  path: Assets/SteamVR/Textures/overlay.renderTexture
  artifactKey: Guid(005ed5a6df2f5ff468efd6497d37fefa) Importer(815301076,1909f56bfc062723c751e8b465ee728b)
Start importing Assets/SteamVR/Textures/overlay.renderTexture using Guid(005ed5a6df2f5ff468efd6497d37fefa) Importer(815301076,1909f56bfc062723c751e8b465ee728b)  -> (artifact id: '98b869b42cdb41e7a631697064ee1f3c') in 0.013931 seconds 
========================================================================
Received Import Request.
  Time since last request: 4.772661 seconds.
  path: Assets/BNG Framework/Textures/v.png
  artifactKey: Guid(e21b84bd9dbaf0d44b077d3e017e4d53) Importer(815301076,1909f56bfc062723c751e8b465ee728b)
Start importing Assets/BNG Framework/Textures/v.png using Guid(e21b84bd9dbaf0d44b077d3e017e4d53) Importer(815301076,1909f56bfc062723c751e8b465ee728b)  -> (artifact id: '465d2eb8e8ae41cf9c75bd3934bd0470') in 0.008408 seconds 
========================================================================
Received Import Request.
  Time since last request: 55.046149 seconds.
  path: Assets/SteamVR/OpenVRAutoUpdater
  artifactKey: Guid(81c26e1ac8b5b3e4ea5450c4d1db3800) Importer(815301076,1909f56bfc062723c751e8b465ee728b)
Start importing Assets/SteamVR/OpenVRAutoUpdater using Guid(81c26e1ac8b5b3e4ea5450c4d1db3800) Importer(815301076,1909f56bfc062723c751e8b465ee728b)  -> (artifact id: 'd7f92afd2730f25d1cff2586f33d01b7') in 0.001486 seconds 
========================================================================
Received Import Request.
  Time since last request: 14.169410 seconds.
  path: Assets/SteamVR/OpenVRUnityXRPackage
  artifactKey: Guid(a75572152f1d39646a0c61f7d61ef7d8) Importer(815301076,1909f56bfc062723c751e8b465ee728b)
Start importing Assets/SteamVR/OpenVRUnityXRPackage using Guid(a75572152f1d39646a0c61f7d61ef7d8) Importer(815301076,1909f56bfc062723c751e8b465ee728b)  -> (artifact id: '5339316e437a1c46414aef65598eddd5') in 0.001526 seconds 
========================================================================
Received Prepare
Registering precompiled user dll's ...
Registered in 0.007460 seconds.
Begin MonoManager ReloadAssembly
Native extension for WindowsStandalone target not found
Refreshing native plugins compatible for Editor in 1.13 ms, found 11 plugins.
Preloading 1 native plugins for Editor in 0.03 ms.
Mono: successfully reloaded assembly
- Completed reload, in  0.944 seconds
Domain Reload Profiling:
	ReloadAssembly (945ms)
		BeginReloadAssembly (104ms)
			ExecutionOrderSort (0ms)
			DisableScriptedObjects (4ms)
			BackupInstance (0ms)
			ReleaseScriptingObjects (0ms)
			CreateAndSetChildDomain (30ms)
		EndReloadAssembly (794ms)
			LoadAssemblies (83ms)
			RebuildTransferFunctionScriptingTraits (0ms)
			SetupTypeCache (276ms)
			ReleaseScriptCaches (2ms)
			RebuildScriptCaches (86ms)
			SetupLoadedEditorAssemblies (250ms)
				LogAssemblyErrors (0ms)
				InitializePlatformSupportModulesInManaged (4ms)
				SetLoadedEditorAssemblies (0ms)
				RefreshPlugins (1ms)
				BeforeProcessingInitializeOnLoad (70ms)
				ProcessInitializeOnLoadAttributes (163ms)
				ProcessInitializeOnLoadMethodAttributes (10ms)
				AfterProcessingInitializeOnLoad (2ms)
				EditorAssembliesLoaded (0ms)
			ExecutionOrderSort2 (0ms)
			AwakeInstancesAfterBackupRestoration (10ms)
Platform modules already initialized, skipping
Switching build target platform(19) subTarget(0) extendedPlatform(0) -> platform(13) subTarget(524288) extendedPlatform(0)
Shader 'Oculus/OVRMRCameraFrameLit': fallback shader 'Alpha-Diffuse' not found
Refreshing native plugins compatible for Editor in 1.20 ms, found 11 plugins.
Preloading 1 native plugins for Editor in 0.03 ms.
Unloading 3887 Unused Serialized files (Serialized files now loaded: 0)
System memory in use before: 187.8 MB.
System memory in use after: 188.0 MB.

Unloading 73 unused Assets to reduce memory usage. Loaded Objects now: 4526.
Total: 2.448700 ms (FindLiveObjects: 0.279200 ms CreateObjectMapping: 0.170100 ms MarkObjects: 1.945600 ms  DeleteObjects: 0.053200 ms)

AssetImportParameters requested are different than current active one (requested -> active):
  custom:framework-win-MediaFoundation: 216162199b28c13a410421893ffa2e32 -> 
  custom:video-decoder-ogg-theora: a1e56fd34408186e4bbccfd4996cb3dc -> 
  custom:container-muxer-webm: aa71ff27fc2769a1b78a27578f13a17b -> 
  custom:container-demuxer-webm: 4f35f7cbe854078d1ac9338744f61a02 -> 
  custom:container-demuxer-ogg: 62fdf1f143b41e24485cea50d1cbac27 -> 
  custom:video-encoder-webm-vp8: eb34c28f22e8b96e1ab97ce403110664 -> 
  custom:video-codec-MediaFoundation-h265: 746d11721c4dcdbdad8f713fa42b33f4 -> 
  custom:video-decoder-webm-vp8: 9c59270c3fd7afecdb556c50c9e8de78 -> 
  custom:graphics/normal-map-encoding: 01000000000000000000000000000000 -> 02000000000000000000000000000000
  custom:audio-decoder-ogg-vorbis: bf7c407c2cedff20999df2af8eb42d56 -> 
  custom:audio-encoder-webm-vorbis: bf7c407c2cedff20999df2af8eb42d56 -> 
========================================================================
Received Import Request.
  Time since last request: 49.132867 seconds.
  path: Assets/XR/XRGeneralSettings.asset
  artifactKey: Guid(967ffd617fe8e2d4597002d261648673) Importer(815301076,1909f56bfc062723c751e8b465ee728b)
Start importing Assets/XR/XRGeneralSettings.asset using Guid(967ffd617fe8e2d4597002d261648673) Importer(815301076,1909f56bfc062723c751e8b465ee728b)  -> (artifact id: '3943baec382a589c14ed2db70c5aa1bb') in 0.018558 seconds 
========================================================================
Received Import Request.
  Time since last request: 29.787656 seconds.
  path: Assets/SteamVR/Input
  artifactKey: Guid(a1bf1b7424d35ff4bae64fec950395f6) Importer(815301076,1909f56bfc062723c751e8b465ee728b)
Start importing Assets/SteamVR/Input using Guid(a1bf1b7424d35ff4bae64fec950395f6) Importer(815301076,1909f56bfc062723c751e8b465ee728b)  -> (artifact id: '1554bc93cd820890f8e651fabefd0292') in 0.001175 seconds 
========================================================================
Received Import Request.
  Time since last request: 3.935922 seconds.
  path: Assets/SteamVR/Input/SteamVR_Action.cs
  artifactKey: Guid(9f2ad3c310c8826479de4aadf38385d7) Importer(815301076,1909f56bfc062723c751e8b465ee728b)
Start importing Assets/SteamVR/Input/SteamVR_Action.cs using Guid(9f2ad3c310c8826479de4aadf38385d7) Importer(815301076,1909f56bfc062723c751e8b465ee728b)  -> (artifact id: 'c37773755a5223ee0a4157997f0a6d9e') in 0.001367 seconds 
========================================================================
Received Import Request.
  Time since last request: 5.696937 seconds.
  path: Assets/SteamVR/Input/SteamVR_ActivateActionSetOnLoad.cs
  artifactKey: Guid(27991c206a5e66147bb8ee3ef31c8bac) Importer(815301076,1909f56bfc062723c751e8b465ee728b)
Start importing Assets/SteamVR/Input/SteamVR_ActivateActionSetOnLoad.cs using Guid(27991c206a5e66147bb8ee3ef31c8bac) Importer(815301076,1909f56bfc062723c751e8b465ee728b)  -> (artifact id: 'cc45715bbacddd411018cb581eb21b56') in 0.001281 seconds 
========================================================================
Received Prepare
Registering precompiled user dll's ...
Registered in 0.007098 seconds.
Begin MonoManager ReloadAssembly
Native extension for WindowsStandalone target not found
Refreshing native plugins compatible for Editor in 1.15 ms, found 11 plugins.
Preloading 1 native plugins for Editor in 0.03 ms.
Mono: successfully reloaded assembly
- Completed reload, in  0.937 seconds
Domain Reload Profiling:
	ReloadAssembly (938ms)
		BeginReloadAssembly (106ms)
			ExecutionOrderSort (0ms)
			DisableScriptedObjects (5ms)
			BackupInstance (0ms)
			ReleaseScriptingObjects (0ms)
			CreateAndSetChildDomain (28ms)
		EndReloadAssembly (785ms)
			LoadAssemblies (85ms)
			RebuildTransferFunctionScriptingTraits (0ms)
			SetupTypeCache (268ms)
			ReleaseScriptCaches (2ms)
			RebuildScriptCaches (84ms)
			SetupLoadedEditorAssemblies (252ms)
				LogAssemblyErrors (0ms)
				InitializePlatformSupportModulesInManaged (4ms)
				SetLoadedEditorAssemblies (0ms)
				RefreshPlugins (1ms)
				BeforeProcessingInitializeOnLoad (68ms)
				ProcessInitializeOnLoadAttributes (166ms)
				ProcessInitializeOnLoadMethodAttributes (11ms)
				AfterProcessingInitializeOnLoad (2ms)
				EditorAssembliesLoaded (0ms)
			ExecutionOrderSort2 (0ms)
			AwakeInstancesAfterBackupRestoration (11ms)
Platform modules already initialized, skipping
Switching build target platform(19) subTarget(0) extendedPlatform(0) -> platform(13) subTarget(524288) extendedPlatform(0)
Shader 'Oculus/OVRMRCameraFrameLit': fallback shader 'Alpha-Diffuse' not found
Refreshing native plugins compatible for Editor in 1.14 ms, found 11 plugins.
Preloading 1 native plugins for Editor in 0.03 ms.
Unloading 3884 Unused Serialized files (Serialized files now loaded: 0)
System memory in use before: 187.8 MB.
System memory in use after: 187.9 MB.

Unloading 73 unused Assets to reduce memory usage. Loaded Objects now: 4530.
Total: 2.434900 ms (FindLiveObjects: 0.276000 ms CreateObjectMapping: 0.165500 ms MarkObjects: 1.936900 ms  DeleteObjects: 0.055900 ms)

AssetImportParameters requested are different than current active one (requested -> active):
  custom:framework-win-MediaFoundation: 216162199b28c13a410421893ffa2e32 -> 
  custom:video-decoder-ogg-theora: a1e56fd34408186e4bbccfd4996cb3dc -> 
  custom:container-muxer-webm: aa71ff27fc2769a1b78a27578f13a17b -> 
  custom:container-demuxer-webm: 4f35f7cbe854078d1ac9338744f61a02 -> 
  custom:container-demuxer-ogg: 62fdf1f143b41e24485cea50d1cbac27 -> 
  custom:video-encoder-webm-vp8: eb34c28f22e8b96e1ab97ce403110664 -> 
  custom:video-codec-MediaFoundation-h265: 746d11721c4dcdbdad8f713fa42b33f4 -> 
  custom:video-decoder-webm-vp8: 9c59270c3fd7afecdb556c50c9e8de78 -> 
  custom:graphics/normal-map-encoding: 01000000000000000000000000000000 -> 02000000000000000000000000000000
  custom:audio-decoder-ogg-vorbis: bf7c407c2cedff20999df2af8eb42d56 -> 
  custom:audio-encoder-webm-vorbis: bf7c407c2cedff20999df2af8eb42d56 -> 
========================================================================
Received Import Request.
  Time since last request: 186.570687 seconds.
  path: Assets/Scripts/swithLight.cs
  artifactKey: Guid(3d50c0bb4d9ed41498a1e6a8db52740c) Importer(815301076,1909f56bfc062723c751e8b465ee728b)
Start importing Assets/Scripts/swithLight.cs using Guid(3d50c0bb4d9ed41498a1e6a8db52740c) Importer(815301076,1909f56bfc062723c751e8b465ee728b)  -> (artifact id: '5fb3894fb23a699ed9f87ceccb5e2140') in 0.005599 seconds 
AssetImportWorkerClient::OnTransportError - code=2 error=End of file
