
=== Mon Jun 21 01:37:35 2021

Packages were changed.
Update Mode: mergeDefaultDependencies

The following packages were added:
  com.unity.collab-proxy@1.2.16
  com.unity.ide.rider@1.1.4
  com.unity.ide.vscode@1.2.1
  com.unity.modules.ai@1.0.0
  com.unity.modules.androidjni@1.0.0
  com.unity.modules.animation@1.0.0
  com.unity.modules.assetbundle@1.0.0
  com.unity.modules.audio@1.0.0
  com.unity.modules.cloth@1.0.0
  com.unity.modules.director@1.0.0
  com.unity.modules.imageconversion@1.0.0
  com.unity.modules.imgui@1.0.0
  com.unity.modules.jsonserialize@1.0.0
  com.unity.modules.particlesystem@1.0.0
  com.unity.modules.physics@1.0.0
  com.unity.modules.physics2d@1.0.0
  com.unity.modules.screencapture@1.0.0
  com.unity.modules.terrain@1.0.0
  com.unity.modules.terrainphysics@1.0.0
  com.unity.modules.tilemap@1.0.0
  com.unity.modules.ui@1.0.0
  com.unity.modules.uielements@1.0.0
  com.unity.modules.umbra@1.0.0
  com.unity.modules.unityanalytics@1.0.0
  com.unity.modules.unitywebrequest@1.0.0
  com.unity.modules.unitywebrequestassetbundle@1.0.0
  com.unity.modules.unitywebrequestaudio@1.0.0
  com.unity.modules.unitywebrequesttexture@1.0.0
  com.unity.modules.unitywebrequestwww@1.0.0
  com.unity.modules.vehicles@1.0.0
  com.unity.modules.video@1.0.0
  com.unity.modules.vr@1.0.0
  com.unity.modules.wind@1.0.0
  com.unity.modules.xr@1.0.0
  com.unity.test-framework@1.1.16
  com.unity.textmeshpro@2.1.1
  com.unity.timeline@1.2.17
  com.unity.ugui@1.0.0

=== Mon Sep  6 15:21:57 2021

Packages were changed.
Update Mode: resetToDefaultDependencies

The following packages were removed:
  com.unity.shadergraph@7.3.1
  com.unity.xr.oculus.standalone@2.38.4
  com.unity.xr.openvr.standalone@2.0.5

=== Wed Dec 21 19:21:59 2022

Packages were changed.
Update Mode: updateDependencies

The following packages were added:
  com.unity.ide.visualstudio@2.0.11
The following packages were updated:
  com.unity.collab-proxy from version 1.2.16 to 1.10.2
  com.unity.ide.rider from version 1.1.4 to 1.2.1
  com.unity.ide.vscode from version 1.2.1 to 1.2.4
  com.unity.test-framework from version 1.1.16 to 1.1.29
  com.unity.textmeshpro from version 2.1.1 to 2.1.4
  com.unity.timeline from version 1.2.17 to 1.2.18

=== Fri Dec 23 09:56:35 2022

Packages were changed.
Update Mode: updateDependencies

The following packages were updated:
  com.unity.collab-proxy from version 1.10.2 to 1.14.18
  com.unity.ide.visualstudio from version 2.0.11 to 2.0.15
  com.unity.ide.vscode from version 1.2.4 to 1.2.5
  com.unity.test-framework from version 1.1.29 to 1.1.31

=== Fri Sep 15 18:45:46 2023

Packages were changed.
Update Mode: updateDependencies

The following packages were added:
  com.unity.ai.navigation@1.1.4
The following packages were updated:
  com.unity.collab-proxy from version 1.14.18 to 2.0.7
  com.unity.ide.rider from version 1.2.1 to 3.0.24
  com.unity.ide.visualstudio from version 2.0.15 to 2.0.18
  com.unity.postprocessing from version 2.3.0 to 3.2.2
  com.unity.test-framework from version 1.1.31 to 1.1.33
  com.unity.textmeshpro from version 2.1.4 to 3.0.6
  com.unity.timeline from version 1.2.18 to 1.7.5
The following packages were removed:
  com.unity.xr.openvr.standalone@2.0.5

=== Mon Sep 18 17:45:13 2023

Packages were changed.
Update Mode: updateDependencies

The following packages were updated:
  com.unity.ide.visualstudio from version 2.0.16 to 2.0.18
  com.unity.inputsystem from version 1.4.2 to 1.7.0
  com.unity.test-framework from version 1.1.31 to 1.1.33
  com.unity.toolchain.win-x86_64-linux-x86_64 from version 2.0.2 to 2.0.4
  com.unity.xr.management from version 4.2.1 to 4.3.3
  com.unity.xr.oculus from version 3.0.2 to 4.0.0
  com.unity.xr.openxr from version 1.5.3 to 1.8.2

=== Mon Sep 18 17:45:13 2023

Packages were changed.
Update Mode: mergeDefaultDependencies

The following packages were added:
  com.unity.ext.nunit@1.0.6
  com.unity.inputsystem@1.7.0
  com.unity.toolchain.win-x86_64-linux-x86_64@2.0.4
  com.unity.xr.management@4.3.3
  com.unity.xr.oculus@4.0.0

=== Sat Jun  8 13:35:19 2024

Packages were changed.
Update Mode: updateDependencies

The following packages were updated:
  com.unity.ai.navigation from version 1.1.4 to 1.1.5
  com.unity.collab-proxy from version 2.0.7 to 2.2.0
  com.unity.ide.rider from version 3.0.24 to 3.0.27
  com.unity.ide.visualstudio from version 2.0.18 to 2.0.22
  com.unity.postprocessing from version 3.2.2 to 3.4.0
  com.unity.timeline from version 1.7.5 to 1.7.6
  com.unity.xr.management from version 4.3.3 to 4.4.0
  com.unity.xr.oculus from version 4.0.0 to 4.1.2
  com.unity.xr.openxr from version 1.8.2 to 1.9.1
